Coverted model to device: cuda
-----------
Trainer Config:
{   'criterion': 'CrossEntropyLoss()',
    'model': 'BasicLSTM(\n'
             '  (lstm): LSTM(93, 100, batch_first=True)\n'
             '  (h2o): Linear(in_features=100, out_features=93, bias=True)\n'
             ')',
    'n_epochs': 200,
    'optimizer': 'SGD (\n'
                 'Parameter Group 0\n'
                 '    dampening: 0\n'
                 '    lr: 0.05\n'
                 '    momentum: 0\n'
                 '    nesterov: False\n'
                 '    weight_decay: 0\n'
                 ')',
    'path_to_save_result': './',
    'print_every_n_epochs': 3,
    'session_name': 'session_train_100_hidden',
    'validate_every_v_epochs': 10,
    'verbose': True}
-----------
Start training...
Epoch 0, validation loss: 3.352573126333731
Epoch 0, 0% (0m 26s) train loss: 3.489101
Epoch 3, 1% (1m 41s) train loss: 2.354018
Epoch 6, 3% (2m 56s) train loss: 1.998131
Epoch 9, 4% (4m 11s) train loss: 1.708854
Epoch 10, validation loss: 2.5093820817382246
Epoch 12, 6% (5m 28s) train loss: 1.605478
Epoch 15, 7% (6m 43s) train loss: 1.540951
Epoch 18, 9% (7m 59s) train loss: 1.478420
Epoch 20, validation loss: 2.0685445328995034
Epoch 21, 10% (9m 15s) train loss: 1.434630
Epoch 24, 12% (10m 31s) train loss: 1.436849
Epoch 27, 13% (11m 45s) train loss: 1.376623
Epoch 30, validation loss: 1.9641289654484502
Epoch 30, 15% (13m 1s) train loss: 1.350063
Epoch 33, 16% (14m 17s) train loss: 1.328757
Epoch 36, 18% (15m 34s) train loss: 1.332499
Epoch 39, 19% (16m 50s) train loss: 1.292339
Epoch 40, validation loss: 1.9243286532825894
Epoch 42, 21% (18m 6s) train loss: 1.276027
Epoch 45, 22% (19m 20s) train loss: 1.259809
Epoch 48, 24% (20m 34s) train loss: 1.248741
Epoch 50, validation loss: 1.9190622779175088
Epoch 51, 25% (21m 51s) train loss: 1.263907
Epoch 54, 27% (23m 5s) train loss: 1.225281
Epoch 57, 28% (24m 19s) train loss: 1.214007
Epoch 60, validation loss: 1.9152535556863854
Epoch 60, 30% (25m 34s) train loss: 1.324580
Epoch 63, 31% (26m 50s) train loss: 1.224971
Epoch 66, 33% (28m 5s) train loss: 1.198656
Epoch 69, 34% (29m 19s) train loss: 1.325455
Epoch 70, validation loss: 1.9176623710879572
Epoch 72, 36% (30m 35s) train loss: 1.218644
Epoch 75, 37% (31m 45s) train loss: 1.193325
Epoch 78, 39% (32m 59s) train loss: 1.178600
Epoch 80, validation loss: 1.8914301277090002
Epoch 81, 40% (34m 15s) train loss: 1.165649
Epoch 84, 42% (35m 30s) train loss: 1.157638
Epoch 87, 43% (36m 46s) train loss: 1.146208
Epoch 90, validation loss: 1.8998271834408795
Epoch 90, 45% (38m 2s) train loss: 1.138237
Epoch 93, 46% (39m 16s) train loss: 1.131761
Epoch 96, 48% (40m 31s) train loss: 1.126843
Epoch 99, 49% (41m 47s) train loss: 1.120557
Epoch 100, validation loss: 1.9033354786590293
Epoch 102, 51% (43m 2s) train loss: 1.114089
Epoch 105, 52% (44m 16s) train loss: 1.109583
Epoch 108, 54% (45m 30s) train loss: 1.112024
Epoch 110, validation loss: 1.9089261284580936
Epoch 111, 55% (46m 46s) train loss: 1.160939
Epoch 114, 56% (48m 0s) train loss: 1.094562
Epoch 117, 58% (49m 12s) train loss: 1.091807
Epoch 120, validation loss: 1.9339224827731096
Epoch 120, 60% (50m 26s) train loss: 1.084555
Epoch 123, 61% (51m 40s) train loss: 1.402832
Epoch 126, 63% (52m 54s) train loss: 1.231894
Epoch 129, 64% (54m 5s) train loss: 1.180683
Epoch 130, validation loss: 1.8448321463443615
Epoch 132, 66% (55m 19s) train loss: 1.149354
Epoch 135, 67% (56m 31s) train loss: 1.131523
Epoch 138, 69% (57m 44s) train loss: 1.115653
Epoch 140, validation loss: 1.8510158269493668
Epoch 141, 70% (59m 0s) train loss: 1.105494
Epoch 144, 72% (60m 15s) train loss: 1.095318
Epoch 147, 73% (61m 29s) train loss: 1.084884
Epoch 150, validation loss: 1.86494049610915
Epoch 150, 75% (62m 43s) train loss: 1.078679
Epoch 153, 76% (63m 57s) train loss: 1.073592
Epoch 156, 78% (65m 11s) train loss: 1.065023
Epoch 159, 79% (66m 23s) train loss: 1.071553
Epoch 160, validation loss: 1.8827640454857437
Epoch 162, 81% (67m 37s) train loss: 1.055523
Epoch 165, 82% (68m 51s) train loss: 1.051281
Epoch 168, 84% (70m 5s) train loss: 1.047988
Epoch 170, validation loss: 1.8813192134433323
Epoch 171, 85% (71m 20s) train loss: 1.044667
Epoch 174, 87% (72m 32s) train loss: 1.040463
Epoch 177, 88% (73m 44s) train loss: 1.036069
Epoch 180, validation loss: 1.9198267956133241
Epoch 180, 90% (74m 58s) train loss: 1.031933
Epoch 183, 91% (76m 11s) train loss: 1.037559
Epoch 186, 93% (77m 25s) train loss: 1.038053
Epoch 189, 94% (78m 38s) train loss: 1.024072
Epoch 190, validation loss: 1.947368880642785
Epoch 192, 96% (79m 53s) train loss: 1.021503
Epoch 195, 97% (81m 7s) train loss: 1.017376
Epoch 198, 99% (82m 21s) train loss: 1.014542
-----------
Saving result...
-> model saved.
-> plot report saved.
Done successfully!
---------------------
